+270.0000
+270.0000
+10.000000
+10.000000
+5.000000
+5.000000
+0.000000
+0.000000
+0.000000
+0.000000
+270.0000
+270.0000
+20.000000
+20.000000
+5.000000
+5.000000
+0.000000
+0.000000
+0.000000
+0.000000
+0.000000
+0.000000
+0.0000
+0.0000
+10.000000
+10.000000
+20.000000
+20.000000
+0.000000
+0.000000
+0.000000
+0.000000
+0.000000
+0.000000
+45.0000
+45.0000
+35.000000
+35.000000
+5.000000
+5.000000
+0.000000
+0.000000
+0.000000
+0.000000
+0.000000
+0.000000
+43.8070
+43.8070
+59.201359
+59.201359
+10.832611
+10.833000
+0.000000
+0.000000
+3.755595
+0.000000
+2.307158
+0.000000
-1.448437
+0.000000
+46.3419
+46.3420
+10.624314
+10.624314
+39.404265
+39.404265
+0.000000
+0.000000
+3.782952
+0.000000
+1.194153
+0.000000
-2.588819
+0.000000
+56.3099
+56.3100
+40.000000
+40.624314
+35.000000
+39.404265
+0.000000
+0.000000
+5.547002
+0.000000
+3.623433
+0.000000
-1.923602
+0.000000
+45.0000
+45.0000
+70.000000
+60.624314
+50.000000
+39.404265
+0.000000
+0.000000
+3.535534
+0.000000
+0.862705
+0.000000
-2.672828
+0.000000
+223.8070
+223.8070
+69.201359
+69.201359
+10.832611
+10.833000
+0.000000
+0.000000
+0.000000
+0.000000
+0.0000
+0.0000
+15.000000
+15.000000
-15.000000
-15.000000
+0.000000
+0.000000
+0.000000
+0.000000
+229.7922
+229.7922
+44.409270
+44.409270
-16.613905
-16.613905
+0.000000
+0.000000
+0.000000
+0.000000
+197.5880
+197.5880
+41.744576
+41.744576
-12.616864
-12.616864
+0.000000
+0.000000
+0.000000
+0.000000
+180.0000
+180.0000
+70.000000
+70.000000
-15.000000
-15.000000
+0.000000
+0.000000
+0.000000
+0.000000
+0.0000
+0.0000
+80.000000
+80.000000
-15.000000
-15.000000
+0.000000
+0.000000
+0.000000
+0.000000
+90.0000
+90.0000
+70.000000
+70.000000
-20.000000
-20.000000
+5.000000
+5.000000
+0.000000
+0.000000
+270.0000
+270.0000
+80.000000
+80.000000
-20.000000
-20.000000
+5.000000
+5.000000
+0.000000
+0.000000
+90.0000
+90.0000
+75.000000
+75.000000
-20.000000
-20.000000
+5.000000
+5.000000
+0.000000
+0.000000
+275.7106
+270.0000
+210.500000
+210.000000
+5.000000
+5.000000
+0.000000
+0.000000
+0.000000
+0.000000
+0.000000
+0.000000
+0.000000
+0.000000
+0.000000
+0.000000
+1.000000
+0.000000
+0.000000
+0.000000
+270.0000
+270.0000
+220.000000
+220.000000
+5.000000
+5.000000
+0.000000
+0.000000
+0.000000
+0.000000
+0.000000
+0.000000
+0.000000
+0.000000
+0.995037
+0.000000
+0.000000
+0.000000
+0.000000
+0.000000
+0.0000
+0.0000
+210.000000
+210.000000
+20.000000
+20.000000
+0.000000
+0.000000
+0.000000
+0.000000
+0.000000
+0.000000
+1.990074
+0.000000
+0.000000
+0.000000
+0.000000
+0.000000
+0.000000
+0.000000
+63.4349
+45.0000
+237.500000
+235.000000
+5.000000
+5.000000
+0.000000
+0.000000
+0.000000
+0.000000
+3.535534
+0.000000
+0.000000
+0.000000
+0.000000
+0.000000
+0.000000
+0.000000
-3.535534
+0.000000
+49.7312
+43.8070
+261.044501
+259.201359
+11.232992
+10.833000
+0.000000
+0.000000
+6.463749
+0.000000
+2.307158
+0.000000
-4.909595
+0.000000
+32.9899
+46.3420
+206.312052
+210.624314
+37.978836
+39.404265
+0.000000
+0.000000
+7.136593
+0.000000
+0.000000
+0.000000
+0.000000
+0.000000
+0.000000
+0.000000
+8.428887
+0.000000
-2.588819
+0.000000
+18.4349
+56.3100
+225.000000
+240.624314
+30.000000
+39.404265
+0.000000
+0.000000
+12.649111
+0.000000
+0.000000
+0.000000
+0.000000
+0.000000
+0.000000
+0.000000
+7.783687
+0.000000
-1.923581
+0.000000
+33.6901
+45.0000
+260.000000
+260.624314
+40.000000
+39.404265
+0.000000
+0.000000
+5.547002
+0.000000
+0.000000
+0.000000
+0.000000
+0.000000
+0.000000
+0.000000
+0.862705
+0.000000
-2.672828
+0.000000
+43.8070
+43.8070
+279.201359
+279.201359
+10.832611
+10.833000
+0.000000
+0.000000
+3.755595
+0.000000
+0.000000
+0.000000
+0.000000
+0.000000
+0.000000
+0.000000
+2.307158
+0.000000
-1.448437
+0.000000
+226.7691
+223.8070
+269.894259
+269.201359
+11.248289
+10.833000
+0.000000
+0.000000
+0.000000
+0.000000
+0.000000
+0.000000
+0.000000
+0.000000
+0.000000
+0.000000
+0.727918
+0.000000
-0.368032
+0.000000
+333.4349
+0.0000
+215.000000
+215.000000
-12.500000
-15.000000
+0.000000
+0.000000
+0.000000
+0.000000
+0.000000
+0.000000
+0.000000
+0.000000
+0.000000
+0.000000
+5.000000
+0.000000
+0.000000
+0.000000
+213.9003
+229.7922
+242.235970
+244.409270
-15.217264
-16.613905
+0.000000
+0.000000
+0.000000
+0.000000
+0.000000
+0.000000
+0.000000
+0.000000
+0.000000
+0.000000
+0.000000
+0.000000
-5.122769
+0.000000
+192.4969
+197.5880
+240.867478
+241.745000
-12.024116
-12.616864
+0.000000
+0.000000
+0.000000
+0.000000
+0.000000
+0.000000
+0.000000
+0.000000
+0.000000
+0.000000
+0.000000
+0.000000
-1.660281
+0.000000
+180.0000
+180.0000
+267.500000
+270.000000
-15.000000
-15.000000
+0.000000
+0.000000
+0.000000
+0.000000
+0.000000
+0.000000
+0.000000
+0.000000
+0.000000
+0.000000
+0.000000
+0.000000
+0.000000
+0.000000
+0.0000
+0.0000
+282.500000
+280.000000
-15.000000
-15.000000
+0.000000
+0.000000
+0.000000
+0.000000
+0.000000
+0.000000
+0.000000
+0.000000
+0.000000
+0.000000
+2.236068
+0.000000
+0.000000
+0.000000
+63.4349
+90.0000
+267.500000
+270.000000
-20.000000
-20.000000
+5.000000
+5.000000
+0.000000
+0.000000
+0.000000
+0.000000
+0.000000
+0.000000
+0.000000
+0.000000
+5.000000
+0.000000
+0.000000
+0.000000
+296.5651
+270.0000
+282.500000
+280.000000
-20.000000
-20.000000
+5.000000
+5.000000
+0.000000
+0.000000
+0.000000
+0.000000
+0.000000
+0.000000
+0.000000
+0.000000
+2.236068
+0.000000
+0.000000
+0.000000
+90.0000
+90.0000
+272.500000
+275.000000
-20.000000
-20.000000
+5.000000
+5.000000
+0.000000
+0.000000
+0.000000
+0.000000
+0.000000
+0.000000
+0.000000
+0.000000
+0.000000
+0.000000
+0.000000
+0.000000
+275.7106
+270.0000
+410.500000
+410.000000
+5.000000
+5.000000
+0.000000
+0.000000
+0.000000
+0.000000
+0.000000
+0.000000
+0.000000
+0.000000
+0.000000
+0.000000
+1.000000
+0.000000
+0.000000
+0.000000
+270.0000
+270.0000
+420.000000
+420.000000
+5.000000
+5.000000
+0.000000
+0.000000
+0.000000
+0.000000
+0.000000
+0.000000
+0.000000
+0.000000
+0.995037
+0.000000
+0.000000
+0.000000
+0.000000
+0.000000
+0.0000
+0.0000
+410.000000
+410.000000
+20.000000
+20.000000
+0.000000
+0.000000
+0.000000
+0.000000
+0.000000
+0.000000
+1.990074
+0.000000
+0.000000
+0.000000
+0.000000
+0.000000
+0.000000
+0.000000
+63.4349
+45.0000
+437.500000
+435.000000
+5.000000
+5.000000
+0.000000
+0.000000
+0.000000
+0.000000
+3.535534
+0.000000
+0.000000
+0.000000
+0.000000
+0.000000
+0.000000
+0.000000
-3.535534
+0.000000
+49.7312
+43.8070
+461.044501
+459.201359
+11.232992
+10.833000
+0.000000
+0.000000
+6.463749
+0.000000
+0.000000
+0.000000
+0.000000
+0.000000
+0.000000
+0.000000
+2.307158
+0.000000
-4.909595
+0.000000
+32.9899
+46.3420
+406.312052
+410.624314
+37.978836
+39.404265
+0.000000
+0.000000
+7.136593
+0.000000
+0.000000
+0.000000
+0.000000
+0.000000
+0.000000
+0.000000
+8.428887
+0.000000
-2.588819
+0.000000
+18.4349
+56.3100
+425.000000
+440.624314
+30.000000
+39.404265
+0.000000
+0.000000
+12.649111
+0.000000
+0.000000
+0.000000
+0.000000
+0.000000
+0.000000
+0.000000
+7.783687
+0.000000
-1.923581
+0.000000
+33.6901
+45.0000
+460.000000
+460.624314
+40.000000
+39.404265
+0.000000
+0.000000
+5.547002
+0.000000
+0.000000
+0.000000
+0.000000
+0.000000
+0.000000
+0.000000
+0.862705
+0.000000
-2.672828
+0.000000
+43.8070
+43.8070
+479.201359
+479.201359
+10.832611
+10.833000
+0.000000
+0.000000
+3.755595
+0.000000
+0.000000
+0.000000
+0.000000
+0.000000
+0.000000
+0.000000
+2.307158
+0.000000
-1.448437
+0.000000
+226.7691
+223.8070
+469.894259
+469.201359
+11.248289
+10.833000
+0.000000
+0.000000
+0.000000
+0.000000
+0.000000
+0.000000
+0.000000
+0.000000
+0.000000
+0.000000
+0.727918
+0.000000
-0.368032
+0.000000
+333.4349
+0.0000
+415.000000
+415.000000
-12.500000
-15.000000
+0.000000
+0.000000
+0.000000
+0.000000
+0.000000
+0.000000
+0.000000
+0.000000
+0.000000
+0.000000
+5.000000
+0.000000
+0.000000
+0.000000
+213.9003
+229.7922
+442.235970
+444.409270
-15.217264
-16.613905
+0.000000
+0.000000
+0.000000
+0.000000
+0.000000
+0.000000
+0.000000
+0.000000
+0.000000
+0.000000
+0.000000
+0.000000
-5.122769
+0.000000
+192.4969
+197.5880
+440.867478
+441.745000
-12.024116
-12.616864
+0.000000
+0.000000
+0.000000
+0.000000
+0.000000
+0.000000
+0.000000
+0.000000
+0.000000
+0.000000
+0.000000
+0.000000
-1.660281
+0.000000
+180.0000
+180.0000
+467.500000
+470.000000
-15.000000
-15.000000
+0.000000
+0.000000
+0.000000
+0.000000
+0.000000
+0.000000
+0.000000
+0.000000
+0.000000
+0.000000
+0.000000
+0.000000
+0.000000
+0.000000
+0.0000
+0.0000
+482.500000
+480.000000
-15.000000
-15.000000
+0.000000
+0.000000
+0.000000
+0.000000
+0.000000
+0.000000
+0.000000
+0.000000
+0.000000
+0.000000
+2.236068
+0.000000
+0.000000
+0.000000
+63.4349
+90.0000
+467.500000
+470.000000
-20.000000
-20.000000
+5.000000
+5.000000
+0.000000
+0.000000
+0.000000
+0.000000
+0.000000
+0.000000
+0.000000
+0.000000
+5.000000
+0.000000
+0.000000
+0.000000
+296.5651
+270.0000
+482.500000
+480.000000
-20.000000
-20.000000
+5.000000
+5.000000
+0.000000
+0.000000
+0.000000
+0.000000
+0.000000
+0.000000
+0.000000
+0.000000
+2.236068
+0.000000
+0.000000
+0.000000
+90.0000
+90.0000
+472.500000
+475.000000
-20.000000
-20.000000
+5.000000
+5.000000
+0.000000
+0.000000
+0.000000
+0.000000
+0.000000
+0.000000
+0.000000
+0.000000
+0.000000
+0.000000
+0.000000
+0.000000
+320.7106
+315.0000
+145.310444
+144.810444
+152.381511
+152.381511
+0.000000
+0.000000
+0.000000
+0.000000
+0.000000
+0.000000
+0.000000
+0.000000
+0.000000
+0.000000
+0.853553
+0.000000
-0.146447
+0.000000
+315.0000
+315.0000
+152.027958
+152.027958
+159.099026
+159.099026
+0.000000
+0.000000
+0.000000
+0.000000
+0.000000
+0.000000
+0.000000
+0.000000
+0.995037
+0.000000
+0.000000
+0.000000
+0.000000
+0.000000
+45.0000
+45.0000
+134.350288
+134.350288
+162.634560
+162.634560
+0.000000
+0.000000
+0.000000
+0.000000
+0.000000
+0.000000
+1.990074
+0.000000
+0.000000
+0.000000
+0.000000
+0.000000
+0.000000
+0.000000
+108.4349
+90.0000
+164.402327
+161.902327
+171.473394
+171.473394
+0.000000
+0.000000
+0.000000
+0.000000
+3.535534
+0.000000
+0.000000
+0.000000
+0.000000
+0.000000
+0.000000
+0.000000
-4.267767
+0.000000
+94.7312
+88.8070
+176.643412
+174.800269
+192.529262
+192.129270
+0.000000
+0.000000
+6.463749
+0.000000
+0.000000
+0.000000
+0.000000
+0.000000
+0.000000
+0.000000
+1.459960
+0.000000
-5.756793
+0.000000
+77.9899
+91.3420
+119.029559
+123.341821
+172.739743
+174.165172
+0.000000
+0.000000
+7.136593
+0.000000
+0.000000
+0.000000
+0.000000
+0.000000
+0.000000
+0.000000
+10.637592
+0.000000
-0.380115
+0.000000
+63.4349
+101.3100
+137.885822
+160.581205
+180.312229
+203.858630
+0.000000
+0.000000
+12.649111
+0.000000
+0.000000
+0.000000
+0.000000
+0.000000
+0.000000
+0.000000
+26.872504
+0.000000
+0.000000
+0.000000
+78.6901
+90.0000
+159.099026
+156.187806
+229.809704
+211.536299
+0.000000
+0.000000
+5.547002
+0.000000
+0.000000
+0.000000
+0.000000
+0.000000
+0.000000
+0.000000
+0.624314
+0.000000
-2.911219
+0.000000
+88.8070
+88.8070
+189.765361
+189.765361
+205.084987
+205.085376
+0.000000
+0.000000
+3.755595
+0.000000
+0.000000
+0.000000
+0.000000
+0.000000
+0.000000
+0.000000
+2.307431
+0.000000
-1.448164
+0.000000
+271.7691
+268.8070
+182.890319
+182.197419
+198.797803
+198.382513
+0.000000
+0.000000
+0.000000
+0.000000
+0.000000
+0.000000
+0.000000
+0.000000
+0.000000
+0.000000
+1.232079
+0.000000
+0.000000
+0.000000
+18.4349
+45.0000
+160.866793
+160.866793
+143.189123
+140.689123
+0.000000
+0.000000
+0.000000
+0.000000
+0.000000
+0.000000
+0.000000
+0.000000
+0.000000
+0.000000
+4.267767
+0.000000
-0.732233
+0.000000
+258.9003
+274.7922
+182.046928
+184.220227
+160.526467
+159.129826
+0.000000
+0.000000
+0.000000
+0.000000
+0.000000
+0.000000
+0.000000
+0.000000
+0.000000
+0.000000
+0.512360
+0.000000
-4.610409
+0.000000
+237.4969
+242.5880
+178.821361
+179.698883
+161.816693
+161.223945
+0.000000
+0.000000
+0.000000
+0.000000
+0.000000
+0.000000
+0.000000
+0.000000
+0.000000
+0.000000
+0.000000
+0.000000
-1.881966
+0.000000
+180.0000
+180.0000
+199.757666
+202.257666
+178.544462
+178.544462
+0.000000
+0.000000
+0.000000
+0.000000
+0.000000
+0.000000
+0.000000
+0.000000
+0.000000
+0.000000
+0.000000
+0.000000
+0.000000
+0.000000
+0.0000
+0.0000
+210.364267
+207.864267
+189.151064
+189.151064
+0.000000
+0.000000
+0.000000
+0.000000
+0.000000
+0.000000
+0.000000
+0.000000
+0.000000
+0.000000
+0.790569
+0.000000
+0.000000
+0.000000
+70.5288
+97.0938
+203.293200
+205.793200
+175.008928
+175.008928
+5.000000
+5.000000
+0.000000
+0.000000
+0.000000
+0.000000
+0.000000
+0.000000
+0.000000
+0.000000
+4.852571
+0.000000
+0.000000
+0.000000
+296.5651
+270.0000
+213.899801
+211.399801
+185.615530
+185.615530
+5.000000
+5.000000
+0.000000
+0.000000
+0.000000
+0.000000
+0.000000
+0.000000
+0.000000
+0.000000
+2.371708
+0.000000
+0.000000
+0.000000
+43.3139
+43.3139
+206.828733
+209.328733
+178.544462
+178.544462
+5.000000
+5.000000
+0.000000
+0.000000
+0.000000
+0.000000
+0.000000
+0.000000
+0.000000
+0.000000
+0.000000
+0.000000
+0.000000
+0.000000
+5.7106
+0.0000
-5.000000
-5.500000
+210.500000
+210.500000
+0.000000
+0.000000
+0.000000
+0.000000
+0.000000
+0.000000
+0.000000
+0.000000
+0.000000
+0.000000
+0.500000
+0.000000
-0.500000
+0.000000
+0.0000
+0.0000
-5.000000
-5.000000
+220.000000
+220.000000
+0.000000
+0.000000
+0.000000
+0.000000
+0.000000
+0.000000
+0.000000
+0.000000
+0.995037
+0.000000
+0.000000
+0.000000
+0.000000
+0.000000
+90.0000
+90.0000
-20.000000
-20.000000
+210.000000
+210.000000
+0.000000
+0.000000
+0.000000
+0.000000
+0.000000
+0.000000
+1.990074
+0.000000
+0.000000
+0.000000
+0.000000
+0.000000
+0.000000
+0.000000
+153.4349
+135.0000
-5.000000
-7.500000
+237.500000
+237.500000
+0.000000
+0.000000
+0.000000
+0.000000
+3.535534
+0.000000
+0.000000
+0.000000
+0.000000
+0.000000
+0.000000
+0.000000
-3.535534
+0.000000
+139.7312
+133.8070
-11.232992
-13.076135
+261.044501
+260.644509
+0.000000
+0.000000
+6.463749
+0.000000
+0.000000
+0.000000
+0.000000
+0.000000
+1.687337
+0.000000
-5.529416
+0.000000
+122.9899
+136.3420
-37.978836
-33.666573
+206.312052
+207.737481
+0.000000
+0.000000
+7.136593
+0.000000
+0.000000
+0.000000
+0.000000
+0.000000
+0.000000
+0.000000
+10.301368
+0.000000
-0.716338
+0.000000
+108.4349
+146.3100
-30.000000
-19.375686
+225.000000
+249.404265
+0.000000
+0.000000
+12.649111
+0.000000
+0.000000
+0.000000
+0.000000
+0.000000
+0.000000
+0.000000
+26.198891
+0.000000
+0.000000
+0.000000
+123.6901
+135.0000
-40.000000
-39.375686
+260.000000
+259.404265
+0.000000
+0.000000
+5.547002
+0.000000
+0.000000
+0.000000
+0.000000
+0.000000
+0.000000
+0.000000
+0.020209
+0.000000
-3.515325
+0.000000
+133.8070
+133.8070
-10.832611
-10.832611
+279.201359
+279.201748
+0.000000
+0.000000
+3.755595
+0.000000
+0.000000
+0.000000
+0.000000
+0.000000
+0.000000
+0.000000
+2.307708
+0.000000
-1.447886
+0.000000
+316.7691
+313.8070
-11.248289
-11.941190
+269.894259
+269.478970
+0.000000
+0.000000
+0.000000
+0.000000
+0.000000
+0.000000
+0.000000
+0.000000
+0.000000
+0.000000
+1.335501
+0.000000
+0.000000
+0.000000
+63.4349
+90.0000
+12.500000
+12.500000
+215.000000
+212.500000
+0.000000
+0.000000
+0.000000
+0.000000
+0.000000
+0.000000
+0.000000
+0.000000
+0.000000
+0.000000
+2.500000
+0.000000
-2.500000
+0.000000
+303.9003
+319.7922
+15.217264
+17.390563
+242.235970
+240.839329
+0.000000
+0.000000
+0.000000
+0.000000
+0.000000
+0.000000
+0.000000
+0.000000
+0.000000
+0.000000
+2.225011
+0.000000
-2.897758
+0.000000
+282.4969
+287.5880
+12.024116
+12.901637
+240.867478
+240.274729
+0.000000
+0.000000
+0.000000
+0.000000
+0.000000
+0.000000
+0.000000
+0.000000
+0.000000
+0.000000
+0.172690
+0.000000
-1.487470
+0.000000
+180.0000
+180.0000
+15.000000
+17.500000
+267.500000
+267.500000
+0.000000
+0.000000
+0.000000
+0.000000
+0.000000
+0.000000
+0.000000
+0.000000
+0.000000
+0.000000
+0.000000
+0.000000
+0.000000
+0.000000
+0.0000
+0.0000
+15.000000
+12.500000
+282.500000
+282.500000
+0.000000
+0.000000
+0.000000
+0.000000
+0.000000
+0.000000
+0.000000
+0.000000
+0.000000
+0.000000
+1.118034
+0.000000
+0.000000
+0.000000
+90.0000
+116.5651
+20.000000
+22.500000
+267.500000
+267.500000
+5.000000
+5.000000
+0.000000
+0.000000
+0.000000
+0.000000
+0.000000
+0.000000
+0.000000
+0.000000
+4.472136
+0.000000
+0.000000
+0.000000
+296.5651
+270.0000
+20.000000
+17.500000
+282.500000
+282.500000
+5.000000
+5.000000
+0.000000
+0.000000
+0.000000
+0.000000
+0.000000
+0.000000
+0.000000
+0.000000
+2.500000
+0.000000
+0.000000
+0.000000
+33.6901
+33.6901
+20.000000
+22.500000
+272.500000
+272.500000
+5.000000
+5.000000
+0.000000
+0.000000
+0.000000
+0.000000
+0.000000
+0.000000
+0.000000
+0.000000
+0.000000
+0.000000
+0.000000
+0.000000
+50.5142
+44.8036
-159.616746
-160.116746
+152.209341
+152.209341
+0.000000
+0.000000
+0.000000
+0.000000
+0.000000
+0.000000
+0.000000
+0.000000
+0.000000
+0.000000
+0.171267
+0.000000
-0.875946
+0.000000
+45.0565
+45.0565
-166.326987
-166.326987
+158.934839
+158.934839
+0.000000
+0.000000
+0.000000
+0.000000
+0.000000
+0.000000
+0.000000
+0.000000
+0.994299
+0.000000
+0.000000
+0.000000
+0.000000
+0.000000
+134.7432
+134.7432
-170.345453
-170.345453
+140.717399
+140.717399
+0.000000
+0.000000
+0.000000
+0.000000
+0.000000
+0.000000
+2.011951
+0.000000
+0.000000
+0.000000
+0.000000
+0.000000
+0.000000
+0.000000
+199.3970
+180.9620
-178.688583
-181.188583
+171.323143
+171.323143
+0.000000
+0.000000
+0.000000
+0.000000
+3.884829
+0.000000
+0.000000
+0.000000
+0.000000
+0.000000
+1.868261
+0.000000
-1.784311
+0.000000
+185.9614
+180.0372
-199.807180
-201.650323
+183.410234
+183.010242
+0.000000
+0.000000
+6.551217
+0.000000
+0.000000
+0.000000
+0.000000
+0.000000
+0.000000
+0.000000
+2.985026
+0.000000
-4.363784
+0.000000
+169.0401
+182.3922
-181.041190
-176.728928
+124.729411
+126.154840
+0.000000
+0.000000
+7.369175
+0.000000
+0.000000
+0.000000
+0.000000
+0.000000
+0.000000
+0.000000
+7.675691
+0.000000
-3.592335
+0.000000
+207.5075
+245.3826
-202.471823
-186.847509
+150.933541
+160.337806
+0.000000
+0.000000
+12.750778
+0.000000
+0.000000
+0.000000
+0.000000
+0.000000
+0.000000
+0.000000
+5.541863
+0.000000
-20.300675
+0.000000
+169.4740
+180.7839
-220.196084
-219.571770
+161.477128
+160.881393
+0.000000
+0.000000
+5.731036
+0.000000
+0.000000
+0.000000
+0.000000
+0.000000
+0.000000
+0.000000
+0.000000
+0.000000
-4.274144
+0.000000
+179.8502
+179.8502
-212.369991
-212.369991
+196.559499
+196.559888
+0.000000
+0.000000
+3.825547
+0.000000
+0.000000
+0.000000
+0.000000
+0.000000
+0.000000
+0.000000
+2.357937
+0.000000
-1.467610
+0.000000
+2.9058
+359.9437
-206.072901
-206.765801
+189.668170
+189.252881
+0.000000
+0.000000
+0.000000
+0.000000
+0.000000
+0.000000
+0.000000
+0.000000
+0.000000
+0.000000
+0.973139
+0.000000
-0.141199
+0.000000
+109.3671
+135.9322
-149.663104
-149.663104
+168.394956
+165.894956
+0.000000
+0.000000
+0.000000
+0.000000
+0.000000
+0.000000
+0.000000
+0.000000
+0.000000
+0.000000
+0.720219
+0.000000
-4.312804
+0.000000
+349.9459
+5.8378
-167.201196
-165.027896
+189.549166
+188.152525
+0.000000
+0.000000
+0.000000
+0.000000
+0.000000
+0.000000
+0.000000
+0.000000
+0.000000
+0.000000
+4.193175
+0.000000
-0.972274
+0.000000
+328.1992
+333.2903
-168.472245
-167.594723
+186.225396
+185.632647
+0.000000
+0.000000
+0.000000
+0.000000
+0.000000
+0.000000
+0.000000
+0.000000
+0.000000
+0.000000
+0.972075
+0.000000
-0.701917
+0.000000
+0.0000
+0.0000
-185.206149
-182.706149
+207.213217
+207.213217
+0.000000
+0.000000
+0.000000
+0.000000
+0.000000
+0.000000
+0.000000
+0.000000
+0.000000
+0.000000
+0.000000
+0.000000
+0.000000
+0.000000
+0.0000
+0.0000
-195.837518
-198.337518
+217.798097
+217.798097
+0.000000
+0.000000
+0.000000
+0.000000
+0.000000
+0.000000
+0.000000
+0.000000
+0.000000
+0.000000
+2.359764
+0.000000
+0.000000
+0.000000
+109.5248
+136.0899
-181.533058
-179.033058
+210.871833
+210.871833
+5.000000
+5.000000
+0.000000
+0.000000
+0.000000
+0.000000
+0.000000
+0.000000
+0.000000
+0.000000
+4.106316
+0.000000
-0.638672
+0.000000
+296.5692
+270.0041
-192.169544
-194.669544
+221.452606
+221.452606
+5.000000
+5.000000
+0.000000
+0.000000
+0.000000
+0.000000
+0.000000
+0.000000
+0.000000
+0.000000
+2.371015
+0.000000
+0.000000
+0.000000
+43.3848
+43.3848
-185.078546
-182.578546
+214.398763
+214.398763
+5.000000
+5.000000
+0.000000
+0.000000
+0.000000
+0.000000
+0.000000
+0.000000
+0.000000
+0.000000
+0.000000
+0.000000
+0.000000
+0.000000
+95.5142
+89.8036
-220.494341
-220.994341
-5.237826
-5.237826
+0.000000
+0.000000
+0.000000
+0.000000
+0.000000
+0.000000
+0.000000
+0.000000
+0.000000
+0.000000
+0.023609
+0.000000
-1.023603
+0.000000
+90.0565
+90.0565
-229.994843
-229.994843
-5.227038
-5.227038
+0.000000
+0.000000
+0.000000
+0.000000
+0.000000
+0.000000
+0.000000
+0.000000
+0.994299
+0.000000
+0.000000
+0.000000
+0.000000
+0.000000
+179.7432
+179.7432
-219.954652
-219.954652
-20.950197
-20.950197
+0.000000
+0.000000
+0.000000
+0.000000
+0.000000
+0.000000
+2.011951
+0.000000
+0.000000
+0.000000
+0.000000
+0.000000
+0.000000
+0.000000
+244.3970
+225.9620
-247.495665
-249.995665
-5.208153
-5.208153
+0.000000
+0.000000
+0.000000
+0.000000
+3.884829
+0.000000
+0.000000
+0.000000
+0.000000
+0.000000
+3.623484
+0.000000
-0.029087
+0.000000
+230.9614
+225.0372
-270.975632
-272.818775
-11.594392
-11.994384
+0.000000
+0.000000
+6.551217
+0.000000
+0.000000
+0.000000
+0.000000
+0.000000
+0.000000
+0.000000
+4.405312
+0.000000
-2.943498
+0.000000
+214.0401
+227.3922
-216.212466
-211.900203
-39.818441
-38.393012
+0.000000
+0.000000
+7.369175
+0.000000
+0.000000
+0.000000
+0.000000
+0.000000
+0.000000
+0.000000
+4.222632
+0.000000
-7.045395
+0.000000
+252.5075
+290.3826
-254.798041
-234.271015
-51.999600
-27.038804
+0.000000
+0.000000
+12.750778
+0.000000
+0.000000
+0.000000
+0.000000
+0.000000
+0.000000
+0.000000
+0.000000
+0.000000
-27.935305
+0.000000
+214.4740
+225.7839
-269.883717
-269.259402
-41.520572
-42.116307
+0.000000
+0.000000
+5.731036
+0.000000
+0.000000
+0.000000
+0.000000
+0.000000
+0.000000
+0.000000
+0.000000
+0.000000
-4.532824
+0.000000
+224.8502
+224.8502
-289.156815
-289.156815
-11.179706
-11.179317
+0.000000
+0.000000
+3.825547
+0.000000
+0.000000
+0.000000
+0.000000
+0.000000
+0.000000
+0.000000
+2.357824
+0.000000
-1.467723
+0.000000
+47.9058
+44.9437
-279.831195
-280.524095
-11.599896
-12.015186
+0.000000
+0.000000
+0.000000
+0.000000
+0.000000
+0.000000
+0.000000
+0.000000
+0.000000
+0.000000
+0.361639
+0.000000
-0.752700
+0.000000
+154.3671
+180.9322
-224.901011
-224.901011
+13.245420
+10.745420
+0.000000
+0.000000
+0.000000
+0.000000
+0.000000
+0.000000
+0.000000
+0.000000
+0.000000
+0.000000
+0.016842
+0.000000
-5.016181
+0.000000
+34.9459
+50.8378
-252.260600
-250.087300
+15.802401
+14.405760
+0.000000
+0.000000
+0.000000
+0.000000
+0.000000
+0.000000
+0.000000
+0.000000
+0.000000
+0.000000
+5.149821
+0.000000
-0.015628
+0.000000
+13.1992
+18.2903
-250.809107
-249.931585
+12.553373
+11.960624
+0.000000
+0.000000
+0.000000
+0.000000
+0.000000
+0.000000
+0.000000
+0.000000
+0.000000
+0.000000
+1.675192
+0.000000
+0.000000
+0.000000
+0.0000
+0.0000
-277.482395
-274.982395
+15.561347
+15.561347
+0.000000
+0.000000
+0.000000
+0.000000
+0.000000
+0.000000
+0.000000
+0.000000
+0.000000
+0.000000
+0.000000
+0.000000
+0.000000
+0.000000
+0.0000
+0.0000
-292.484548
-294.984548
+15.528474
+15.528474
+0.000000
+0.000000
+0.000000
+0.000000
+0.000000
+0.000000
+0.000000
+0.000000
+0.000000
+0.000000
+2.252349
+0.000000
+0.000000
+0.000000
+116.5698
+143.1349
-277.472159
-274.972159
+20.745647
+20.745647
+5.000000
+5.000000
+0.000000
+0.000000
+0.000000
+0.000000
+0.000000
+0.000000
+0.000000
+0.000000
+3.999938
+0.000000
-1.000269
+0.000000
+296.5692
+270.0041
-292.475027
-294.975027
+20.706252
+20.706252
+5.000000
+5.000000
+0.000000
+0.000000
+0.000000
+0.000000
+0.000000
+0.000000
+0.000000
+0.000000
+2.235990
+0.000000
+0.000000
+0.000000
+90.2298
+90.2298
-282.473114
-279.973114
+20.732524
+20.732524
+5.000000
+5.000000
+0.000000
+0.000000
+0.000000
+0.000000
+0.000000
+0.000000
+0.000000
+0.000000
+0.000000
+0.000000
+0.000000
+0.000000
